This file contains any messages produced by compilers while
running configure, to aid debugging if configure makes a mistake.

configure:537: checking for gcc
configure:614: checking whether the C compiler (gcc -g -O -Wall -Wimplicit ) works
configure:628: gcc -o conftest -g -O -Wall -Wimplicit   conftest.c  1>&5
configure:625: warning: return type defaults to 'int'
configure:648: checking whether the C compiler (gcc -g -O -Wall -Wimplicit ) is a cross-compiler
configure:653: checking whether we are using GNU C
configure:662: gcc -E conftest.c
configure:677: checking whether gcc accepts -g
configure:705: checking how to run the C preprocessor
configure:726: gcc -E  conftest.c >/dev/null 2>conftest.out
configure:797: checking for a BSD compatible install
configure:849: checking for ranlib
configure:880: checking for bison
configure:912: checking for flex
configure:945: checking for yywrap in -lfl
configure:964: gcc -o conftest -g -O -Wall -Wimplicit   conftest.c -lfl   1>&5
configure:989: checking for main in -lsocket
configure:1004: gcc -o conftest -g -O -Wall -Wimplicit   conftest.c -lsocket   1>&5
ld: library not found for -lsocket
collect2: ld returned 1 exit status
configure: failed program was:
#line 997 "configure"
#include "confdefs.h"

int main() {
main()
; return 0; }
configure:1032: checking for main in -lnsl
configure:1047: gcc -o conftest -g -O -Wall -Wimplicit   conftest.c -lnsl   1>&5
ld: library not found for -lnsl
collect2: ld returned 1 exit status
configure: failed program was:
#line 1040 "configure"
#include "confdefs.h"

int main() {
main()
; return 0; }
configure:1079: checking for strerror
configure:1107: gcc -o conftest -g -O -Wall -Wimplicit   conftest.c  1>&5
configure:1136: checking for gettimeofday
configure:1164: gcc -o conftest -g -O -Wall -Wimplicit   conftest.c  1>&5
configure:1191: checking for random
configure:1219: gcc -o conftest -g -O -Wall -Wimplicit   conftest.c  1>&5
configure:1246: checking for srandom
configure:1274: gcc -o conftest -g -O -Wall -Wimplicit   conftest.c  1>&5
configure:1303: checking for setenv
configure:1331: gcc -o conftest -g -O -Wall -Wimplicit   conftest.c  1>&5
configure:1360: checking for strchr
configure:1388: gcc -o conftest -g -O -Wall -Wimplicit   conftest.c  1>&5
configure:1372: warning: conflicting types for built-in function 'strchr'
configure:1415: checking for strrchr
configure:1443: gcc -o conftest -g -O -Wall -Wimplicit   conftest.c  1>&5
configure:1427: warning: conflicting types for built-in function 'strrchr'
configure:1472: checking for log2f
configure:1500: gcc -o conftest -g -O -Wall -Wimplicit   conftest.c  1>&5
configure:1484: warning: conflicting types for built-in function 'log2f'
configure:1527: checking for sqrtf
configure:1555: gcc -o conftest -g -O -Wall -Wimplicit   conftest.c  1>&5
configure:1539: warning: conflicting types for built-in function 'sqrtf'
configure:1583:27: error: floatingpoint.h: No such file or directory
configure:1604: checking for alloca.h
configure:1614: gcc -E  conftest.c >/dev/null 2>conftest.out
configure:1646: checking for perl5
configure:1713: checking if __attribute__((constructor)) works
configure:1736: gcc -o conftest -g -O -Wall -Wimplicit   conftest.c  1>&5
configure:1729: warning: return type defaults to 'int'
configure: In function 'main':
configure:1731: warning: implicit declaration of function 'exit'
configure:1731: warning: incompatible implicit declaration of built-in function 'exit'
configure:1756: checking for main in -lwsock32
configure:1771: gcc -o conftest -g -O -Wall -Wimplicit   conftest.c -lwsock32   1>&5
ld: library not found for -lwsock32
collect2: ld returned 1 exit status
configure: failed program was:
#line 1764 "configure"
#include "confdefs.h"

int main() {
main()
; return 0; }
